<?xml version="1.0" encoding="UTF-8"?>
<testsuite xmlns:xsi="http://www.w3.org/2001/XMLSchema-instance" xsi:noNamespaceSchemaLocation="https://maven.apache.org/surefire/maven-surefire-plugin/xsd/surefire-test-report-3.0.xsd" version="3.0" name="TestSuite" time="131.21" tests="17" errors="0" skipped="0" failures="0">
  <properties>
    <property name="java.specification.version" value="16"/>
    <property name="sun.jnu.encoding" value="UTF-8"/>
    <property name="java.class.path" value="/Users/td/eclipse-workspace/ComputerDatabase/target/test-classes:/Users/td/eclipse-workspace/ComputerDatabase/target/classes:/Users/td/.m2/repository/junit/junit/4.11/junit-4.11.jar:/Users/td/.m2/repository/org/hamcrest/hamcrest-core/1.3/hamcrest-core-1.3.jar:/Users/td/.m2/repository/org/seleniumhq/selenium/selenium-java/3.141.59/selenium-java-3.141.59.jar:/Users/td/.m2/repository/org/seleniumhq/selenium/selenium-api/3.141.59/selenium-api-3.141.59.jar:/Users/td/.m2/repository/org/seleniumhq/selenium/selenium-chrome-driver/3.141.59/selenium-chrome-driver-3.141.59.jar:/Users/td/.m2/repository/org/seleniumhq/selenium/selenium-edge-driver/3.141.59/selenium-edge-driver-3.141.59.jar:/Users/td/.m2/repository/org/seleniumhq/selenium/selenium-firefox-driver/3.141.59/selenium-firefox-driver-3.141.59.jar:/Users/td/.m2/repository/org/seleniumhq/selenium/selenium-ie-driver/3.141.59/selenium-ie-driver-3.141.59.jar:/Users/td/.m2/repository/org/seleniumhq/selenium/selenium-opera-driver/3.141.59/selenium-opera-driver-3.141.59.jar:/Users/td/.m2/repository/org/seleniumhq/selenium/selenium-remote-driver/3.141.59/selenium-remote-driver-3.141.59.jar:/Users/td/.m2/repository/org/seleniumhq/selenium/selenium-safari-driver/3.141.59/selenium-safari-driver-3.141.59.jar:/Users/td/.m2/repository/org/seleniumhq/selenium/selenium-support/3.141.59/selenium-support-3.141.59.jar:/Users/td/.m2/repository/net/bytebuddy/byte-buddy/1.8.15/byte-buddy-1.8.15.jar:/Users/td/.m2/repository/org/apache/commons/commons-exec/1.3/commons-exec-1.3.jar:/Users/td/.m2/repository/com/google/guava/guava/25.0-jre/guava-25.0-jre.jar:/Users/td/.m2/repository/com/google/code/findbugs/jsr305/1.3.9/jsr305-1.3.9.jar:/Users/td/.m2/repository/org/checkerframework/checker-compat-qual/2.0.0/checker-compat-qual-2.0.0.jar:/Users/td/.m2/repository/com/google/errorprone/error_prone_annotations/2.1.3/error_prone_annotations-2.1.3.jar:/Users/td/.m2/repository/com/google/j2objc/j2objc-annotations/1.1/j2objc-annotations-1.1.jar:/Users/td/.m2/repository/org/codehaus/mojo/animal-sniffer-annotations/1.14/animal-sniffer-annotations-1.14.jar:/Users/td/.m2/repository/com/squareup/okhttp3/okhttp/3.11.0/okhttp-3.11.0.jar:/Users/td/.m2/repository/com/squareup/okio/okio/1.14.0/okio-1.14.0.jar:/Users/td/.m2/repository/org/testng/testng/7.4.0/testng-7.4.0.jar:/Users/td/.m2/repository/com/beust/jcommander/1.78/jcommander-1.78.jar:/Users/td/.m2/repository/org/webjars/jquery/3.5.1/jquery-3.5.1.jar:/Users/td/.m2/repository/com/aventstack/extentreports/5.0.8/extentreports-5.0.8.jar:/Users/td/.m2/repository/io/reactivex/rxjava3/rxjava/3.0.4/rxjava-3.0.4.jar:/Users/td/.m2/repository/org/reactivestreams/reactive-streams/1.0.3/reactive-streams-1.0.3.jar:/Users/td/.m2/repository/org/freemarker/freemarker/2.3.30/freemarker-2.3.30.jar:/Users/td/.m2/repository/com/google/code/gson/gson/2.8.6/gson-2.8.6.jar:/Users/td/.m2/repository/io/cucumber/cucumber-java/6.10.4/cucumber-java-6.10.4.jar:/Users/td/.m2/repository/io/cucumber/cucumber-core/6.10.4/cucumber-core-6.10.4.jar:/Users/td/.m2/repository/io/cucumber/cucumber-gherkin/6.10.4/cucumber-gherkin-6.10.4.jar:/Users/td/.m2/repository/io/cucumber/cucumber-gherkin-messages/6.10.4/cucumber-gherkin-messages-6.10.4.jar:/Users/td/.m2/repository/io/cucumber/messages/15.0.0/messages-15.0.0.jar:/Users/td/.m2/repository/io/cucumber/tag-expressions/3.0.1/tag-expressions-3.0.1.jar:/Users/td/.m2/repository/io/cucumber/cucumber-expressions/10.3.0/cucumber-expressions-10.3.0.jar:/Users/td/.m2/repository/io/cucumber/datatable/3.5.0/datatable-3.5.0.jar:/Users/td/.m2/repository/io/cucumber/cucumber-plugin/6.10.4/cucumber-plugin-6.10.4.jar:/Users/td/.m2/repository/io/cucumber/docstring/6.10.4/docstring-6.10.4.jar:/Users/td/.m2/repository/io/cucumber/html-formatter/13.0.0/html-formatter-13.0.0.jar:/Users/td/.m2/repository/io/cucumber/create-meta/4.0.0/create-meta-4.0.0.jar:/Users/td/.m2/repository/org/apiguardian/apiguardian-api/1.1.1/apiguardian-api-1.1.1.jar:/Users/td/.m2/repository/io/cucumber/cucumber-junit/6.10.4/cucumber-junit-6.10.4.jar:/Users/td/.m2/repository/commons-io/commons-io/2.11.0/commons-io-2.11.0.jar:/Users/td/.m2/repository/org/apache/logging/log4j/log4j-api/2.14.1/log4j-api-2.14.1.jar:/Users/td/.m2/repository/org/apache/logging/log4j/log4j-core/2.14.1/log4j-core-2.14.1.jar:/Users/td/.m2/repository/org/projectlombok/lombok/1.18.20/lombok-1.18.20.jar:"/>
    <property name="java.vm.vendor" value="Oracle Corporation"/>
    <property name="sun.arch.data.model" value="64"/>
    <property name="java.vendor.url" value="https://java.oracle.com/"/>
    <property name="user.timezone" value="Europe/London"/>
    <property name="os.name" value="Mac OS X"/>
    <property name="java.vm.specification.version" value="16"/>
    <property name="sun.java.launcher" value="SUN_STANDARD"/>
    <property name="user.country" value="GB"/>
    <property name="sun.boot.library.path" value="/Library/Java/JavaVirtualMachines/jdk-16.0.1.jdk/Contents/Home/lib"/>
    <property name="sun.java.command" value="/Users/td/eclipse-workspace/ComputerDatabase/target/surefire/surefirebooter14617718427248343666.jar /Users/td/eclipse-workspace/ComputerDatabase/target/surefire 2021-07-16T09-12-49_759-jvmRun1 surefire10852383451338937920tmp surefire_07464244231613180554tmp"/>
    <property name="http.nonProxyHosts" value="local|*.local|169.254/16|*.169.254/16"/>
    <property name="jdk.debug" value="release"/>
    <property name="surefire.test.class.path" value="/Users/td/eclipse-workspace/ComputerDatabase/target/test-classes:/Users/td/eclipse-workspace/ComputerDatabase/target/classes:/Users/td/.m2/repository/junit/junit/4.11/junit-4.11.jar:/Users/td/.m2/repository/org/hamcrest/hamcrest-core/1.3/hamcrest-core-1.3.jar:/Users/td/.m2/repository/org/seleniumhq/selenium/selenium-java/3.141.59/selenium-java-3.141.59.jar:/Users/td/.m2/repository/org/seleniumhq/selenium/selenium-api/3.141.59/selenium-api-3.141.59.jar:/Users/td/.m2/repository/org/seleniumhq/selenium/selenium-chrome-driver/3.141.59/selenium-chrome-driver-3.141.59.jar:/Users/td/.m2/repository/org/seleniumhq/selenium/selenium-edge-driver/3.141.59/selenium-edge-driver-3.141.59.jar:/Users/td/.m2/repository/org/seleniumhq/selenium/selenium-firefox-driver/3.141.59/selenium-firefox-driver-3.141.59.jar:/Users/td/.m2/repository/org/seleniumhq/selenium/selenium-ie-driver/3.141.59/selenium-ie-driver-3.141.59.jar:/Users/td/.m2/repository/org/seleniumhq/selenium/selenium-opera-driver/3.141.59/selenium-opera-driver-3.141.59.jar:/Users/td/.m2/repository/org/seleniumhq/selenium/selenium-remote-driver/3.141.59/selenium-remote-driver-3.141.59.jar:/Users/td/.m2/repository/org/seleniumhq/selenium/selenium-safari-driver/3.141.59/selenium-safari-driver-3.141.59.jar:/Users/td/.m2/repository/org/seleniumhq/selenium/selenium-support/3.141.59/selenium-support-3.141.59.jar:/Users/td/.m2/repository/net/bytebuddy/byte-buddy/1.8.15/byte-buddy-1.8.15.jar:/Users/td/.m2/repository/org/apache/commons/commons-exec/1.3/commons-exec-1.3.jar:/Users/td/.m2/repository/com/google/guava/guava/25.0-jre/guava-25.0-jre.jar:/Users/td/.m2/repository/com/google/code/findbugs/jsr305/1.3.9/jsr305-1.3.9.jar:/Users/td/.m2/repository/org/checkerframework/checker-compat-qual/2.0.0/checker-compat-qual-2.0.0.jar:/Users/td/.m2/repository/com/google/errorprone/error_prone_annotations/2.1.3/error_prone_annotations-2.1.3.jar:/Users/td/.m2/repository/com/google/j2objc/j2objc-annotations/1.1/j2objc-annotations-1.1.jar:/Users/td/.m2/repository/org/codehaus/mojo/animal-sniffer-annotations/1.14/animal-sniffer-annotations-1.14.jar:/Users/td/.m2/repository/com/squareup/okhttp3/okhttp/3.11.0/okhttp-3.11.0.jar:/Users/td/.m2/repository/com/squareup/okio/okio/1.14.0/okio-1.14.0.jar:/Users/td/.m2/repository/org/testng/testng/7.4.0/testng-7.4.0.jar:/Users/td/.m2/repository/com/beust/jcommander/1.78/jcommander-1.78.jar:/Users/td/.m2/repository/org/webjars/jquery/3.5.1/jquery-3.5.1.jar:/Users/td/.m2/repository/com/aventstack/extentreports/5.0.8/extentreports-5.0.8.jar:/Users/td/.m2/repository/io/reactivex/rxjava3/rxjava/3.0.4/rxjava-3.0.4.jar:/Users/td/.m2/repository/org/reactivestreams/reactive-streams/1.0.3/reactive-streams-1.0.3.jar:/Users/td/.m2/repository/org/freemarker/freemarker/2.3.30/freemarker-2.3.30.jar:/Users/td/.m2/repository/com/google/code/gson/gson/2.8.6/gson-2.8.6.jar:/Users/td/.m2/repository/io/cucumber/cucumber-java/6.10.4/cucumber-java-6.10.4.jar:/Users/td/.m2/repository/io/cucumber/cucumber-core/6.10.4/cucumber-core-6.10.4.jar:/Users/td/.m2/repository/io/cucumber/cucumber-gherkin/6.10.4/cucumber-gherkin-6.10.4.jar:/Users/td/.m2/repository/io/cucumber/cucumber-gherkin-messages/6.10.4/cucumber-gherkin-messages-6.10.4.jar:/Users/td/.m2/repository/io/cucumber/messages/15.0.0/messages-15.0.0.jar:/Users/td/.m2/repository/io/cucumber/tag-expressions/3.0.1/tag-expressions-3.0.1.jar:/Users/td/.m2/repository/io/cucumber/cucumber-expressions/10.3.0/cucumber-expressions-10.3.0.jar:/Users/td/.m2/repository/io/cucumber/datatable/3.5.0/datatable-3.5.0.jar:/Users/td/.m2/repository/io/cucumber/cucumber-plugin/6.10.4/cucumber-plugin-6.10.4.jar:/Users/td/.m2/repository/io/cucumber/docstring/6.10.4/docstring-6.10.4.jar:/Users/td/.m2/repository/io/cucumber/html-formatter/13.0.0/html-formatter-13.0.0.jar:/Users/td/.m2/repository/io/cucumber/create-meta/4.0.0/create-meta-4.0.0.jar:/Users/td/.m2/repository/org/apiguardian/apiguardian-api/1.1.1/apiguardian-api-1.1.1.jar:/Users/td/.m2/repository/io/cucumber/cucumber-junit/6.10.4/cucumber-junit-6.10.4.jar:/Users/td/.m2/repository/commons-io/commons-io/2.11.0/commons-io-2.11.0.jar:/Users/td/.m2/repository/org/apache/logging/log4j/log4j-api/2.14.1/log4j-api-2.14.1.jar:/Users/td/.m2/repository/org/apache/logging/log4j/log4j-core/2.14.1/log4j-core-2.14.1.jar:/Users/td/.m2/repository/org/projectlombok/lombok/1.18.20/lombok-1.18.20.jar:"/>
    <property name="sun.cpu.endian" value="little"/>
    <property name="user.home" value="/Users/td"/>
    <property name="user.language" value="en"/>
    <property name="java.specification.vendor" value="Oracle Corporation"/>
    <property name="java.version.date" value="2021-04-20"/>
    <property name="java.home" value="/Library/Java/JavaVirtualMachines/jdk-16.0.1.jdk/Contents/Home"/>
    <property name="file.separator" value="/"/>
    <property name="basedir" value="/Users/td/eclipse-workspace/ComputerDatabase"/>
    <property name="java.vm.compressedOopsMode" value="Zero based"/>
    <property name="line.separator" value="&#10;"/>
    <property name="java.specification.name" value="Java Platform API Specification"/>
    <property name="java.vm.specification.vendor" value="Oracle Corporation"/>
    <property name="surefire.real.class.path" value="/Users/td/eclipse-workspace/ComputerDatabase/target/surefire/surefirebooter14617718427248343666.jar"/>
    <property name="sun.management.compiler" value="HotSpot 64-Bit Tiered Compilers"/>
    <property name="ftp.nonProxyHosts" value="local|*.local|169.254/16|*.169.254/16"/>
    <property name="java.runtime.version" value="16.0.1+9-24"/>
    <property name="user.name" value="td"/>
    <property name="path.separator" value=":"/>
    <property name="os.version" value="10.15.7"/>
    <property name="java.runtime.name" value="Java(TM) SE Runtime Environment"/>
    <property name="file.encoding" value="UTF-8"/>
    <property name="java.vm.name" value="Java HotSpot(TM) 64-Bit Server VM"/>
    <property name="localRepository" value="/Users/td/.m2/repository"/>
    <property name="java.vendor.url.bug" value="https://bugreport.java.com/bugreport/"/>
    <property name="java.io.tmpdir" value="/var/folders/1_/d4qpprg123x0lfx1qsbsf0z40000gn/T/"/>
    <property name="java.version" value="16.0.1"/>
    <property name="user.dir" value="/Users/td/eclipse-workspace/ComputerDatabase"/>
    <property name="os.arch" value="x86_64"/>
    <property name="webdriver.gecko.driver" value="geckodriver"/>
    <property name="java.vm.specification.name" value="Java Virtual Machine Specification"/>
    <property name="java.library.path" value="/Users/td/Library/Java/Extensions:/Library/Java/Extensions:/Network/Library/Java/Extensions:/System/Library/Java/Extensions:/usr/lib/java:."/>
    <property name="java.vm.info" value="mixed mode, sharing"/>
    <property name="java.vendor" value="Oracle Corporation"/>
    <property name="java.vm.version" value="16.0.1+9-24"/>
    <property name="sun.io.unicode.encoding" value="UnicodeBig"/>
    <property name="socksNonProxyHosts" value="local|*.local|169.254/16|*.169.254/16"/>
    <property name="java.class.version" value="60.0"/>
  </properties>
  <testcase name="webCreateComp_PT[TD Computer4, 2021-07-12, 2021-08-15](1)" classname="crudTests.PositiveTests" time="4.356">
    <system-err><![CDATA[1626423178422	geckodriver	INFO	Listening on 127.0.0.1:37580
1626423179146	mozrunner::runner	INFO	Running command: "/Applications/Firefox.app/Contents/MacOS/firefox-bin" "--marionette" "-foreground" "-no-remote" "-profile" "/var/folders/1_/d4qpprg123x0lfx1qsbsf0z40000gn/T/rust_mozprofileEhkqB0"
1626423189611	Marionette	INFO	Marionette enabled
console.warn: SearchSettings: "get: No settings file exists, new profile?" (new NotFoundError("Could not open the file at /var/folders/1_/d4qpprg123x0lfx1qsbsf0z40000gn/T/rust_mozprofileEhkqB0/search.json.mozlz4", (void 0)))
console.error: BackgroundUpdate: 
  _reasonsToNotScheduleUpdates: Failed to check for Maintenance Service Registry Key: [Exception... "Component returned failure code: 0x80004001 (NS_ERROR_NOT_IMPLEMENTED) [nsIUpdateProcessor.getServiceRegKeyExists]"  nsresult: "0x80004001 (NS_ERROR_NOT_IMPLEMENTED)"  location: "JS frame :: resource://gre/modules/BackgroundUpdate.jsm :: _reasonsToNotScheduleUpdates :: line 243"  data: no]
1626423198782	Marionette	INFO	Listening on port 51233
1626423198906	Marionette	WARN	TLS certificate errors will be ignored for this session
Jul 16, 2021 9:13:19 AM org.openqa.selenium.remote.ProtocolHandshake createSession
INFO: Detected dialect: W3C
1626423201491	geckodriver	INFO	Listening on 127.0.0.1:5380
1626423201844	mozrunner::runner	INFO	Running command: "/Applications/Firefox.app/Contents/MacOS/firefox-bin" "--marionette" "-foreground" "-no-remote" "-profile" "/var/folders/1_/d4qpprg123x0lfx1qsbsf0z40000gn/T/rust_mozprofileR8VzBl"
1626423209799	Marionette	INFO	Marionette enabled
console.warn: SearchSettings: "get: No settings file exists, new profile?" (new NotFoundError("Could not open the file at /var/folders/1_/d4qpprg123x0lfx1qsbsf0z40000gn/T/rust_mozprofileR8VzBl/search.json.mozlz4", (void 0)))
console.error: BackgroundUpdate: 
  _reasonsToNotScheduleUpdates: Failed to check for Maintenance Service Registry Key: [Exception... "Component returned failure code: 0x80004001 (NS_ERROR_NOT_IMPLEMENTED) [nsIUpdateProcessor.getServiceRegKeyExists]"  nsresult: "0x80004001 (NS_ERROR_NOT_IMPLEMENTED)"  location: "JS frame :: resource://gre/modules/BackgroundUpdate.jsm :: _reasonsToNotScheduleUpdates :: line 243"  data: no]
1626423236992	Marionette	INFO	Listening on port 51705
1626423237329	Marionette	WARN	TLS certificate errors will be ignored for this session
Jul 16, 2021 9:13:57 AM org.openqa.selenium.remote.ProtocolHandshake createSession
INFO: Detected dialect: W3C
[Parent 22509, IPC Launch #1] WARNING: parent WaitForMessage() failed: 0x10004003 (ipc/rcv) timed out: file /builds/worker/checkouts/gecko/ipc/glue/GeckoChildProcessHost.cpp:1298
[Parent 22509, IPC I/O Parent] WARNING: Failed to launch tab subprocess: file /builds/worker/checkouts/gecko/ipc/glue/GeckoChildProcessHost.cpp:762
[Parent 22509, IPC Launch #2] WARNING: parent WaitForMessage() failed: 0x10004003 (ipc/rcv) timed out: file /builds/worker/checkouts/gecko/ipc/glue/GeckoChildProcessHost.cpp:1298
[Parent 22509, IPC I/O Parent] WARNING: Failed to launch tab subprocess: file /builds/worker/checkouts/gecko/ipc/glue/GeckoChildProcessHost.cpp:762
1626423239476	geckodriver	INFO	Listening on 127.0.0.1:37766
1626423239684	mozrunner::runner	INFO	Running command: "/Applications/Firefox.app/Contents/MacOS/firefox-bin" "--marionette" "-foreground" "-no-remote" "-profile" "/var/folders/1_/d4qpprg123x0lfx1qsbsf0z40000gn/T/rust_mozprofile8wd3Fi"
1626423245790	Marionette	INFO	Marionette enabled
console.warn: SearchSettings: "get: No settings file exists, new profile?" (new NotFoundError("Could not open the file at /var/folders/1_/d4qpprg123x0lfx1qsbsf0z40000gn/T/rust_mozprofile8wd3Fi/search.json.mozlz4", (void 0)))
[Parent 22519, IPC Launch #1] WARNING: parent WaitForMessage() failed: 0x10004003 (ipc/rcv) timed out: file /builds/worker/checkouts/gecko/ipc/glue/GeckoChildProcessHost.cpp:1298
[Parent 22519, IPC I/O Parent] WARNING: Failed to launch tab subprocess: file /builds/worker/checkouts/gecko/ipc/glue/GeckoChildProcessHost.cpp:762
console.error: BackgroundUpdate: 
  _reasonsToNotScheduleUpdates: Failed to check for Maintenance Service Registry Key: [Exception... "Component returned failure code: 0x80004001 (NS_ERROR_NOT_IMPLEMENTED) [nsIUpdateProcessor.getServiceRegKeyExists]"  nsresult: "0x80004001 (NS_ERROR_NOT_IMPLEMENTED)"  location: "JS frame :: resource://gre/modules/BackgroundUpdate.jsm :: _reasonsToNotScheduleUpdates :: line 243"  data: no]
[Parent 22519, IPC Launch #2] WARNING: parent WaitForMessage() failed: 0x10004003 (ipc/rcv) timed out: file /builds/worker/checkouts/gecko/ipc/glue/GeckoChildProcessHost.cpp:1298
[Parent 22519, IPC I/O Parent] WARNING: Failed to launch tab subprocess: file /builds/worker/checkouts/gecko/ipc/glue/GeckoChildProcessHost.cpp:762
1626423279942	Marionette	INFO	Listening on port 52332
1626423280054	Marionette	WARN	TLS certificate errors will be ignored for this session
Jul 16, 2021 9:14:40 AM org.openqa.selenium.remote.ProtocolHandshake createSession
INFO: Detected dialect: W3C
1626423284765	Marionette	WARN	TimedPromise timed out after 500 ms: stacktrace:
TimedPromise/<@chrome://marionette/content/sync.js:237:19
TimedPromise@chrome://marionette/content/sync.js:222:10
interaction.flushEventLoop@chrome://marionette/content/interaction.js:431:10
webdriverClickElement@chrome://marionette/content/interaction.js:179:31
]]></system-err>
  </testcase>
  <testcase name="webDeleteComp_PT" classname="crudTests.PositiveTests" time="0.556"/>
  <testcase name="webUpdateComp_PT[VS Computer4, 2021-08-01, 2022-10-15](1)" classname="crudTests.PositiveTests" time="0.979"/>
  <testcase name="webCreateComp_NT[TD1, sdvd, sdvsd, confirm](1)" classname="crudTests.NegativeTests" time="1.101"/>
  <testcase name="webCreateComp_NT[, 2021-07-12, 2021-07-22, confirm](2)" classname="crudTests.NegativeTests" time="0.847"/>
  <testcase name="webCreateComp_NT[TD1, 2021-18-12, 2024-07-00, confirm](3)" classname="crudTests.NegativeTests" time="0.853"/>
  <testcase name="webCreateComp_NT[TD1, 2021-07-12, 2021-07-22, cancel](4)" classname="crudTests.NegativeTests" time="0.631"/>
  <testcase name="webDeleteComp_NT" classname="crudTests.NegativeTests" time="0.317"/>
  <testcase name="webUpdateComp_NT[TD1, sdvd, sdvsd, confirm](1)" classname="crudTests.NegativeTests" time="0.864"/>
  <testcase name="webUpdateComp_NT[, 2021-07-12, 2021-07-22, confirm](2)" classname="crudTests.NegativeTests" time="0.856"/>
  <testcase name="webUpdateComp_NT[TD1, 2021-18-12, 2024-07-00, confirm](3)" classname="crudTests.NegativeTests" time="0.817"/>
  <testcase name="webUpdateComp_NT[TD1, 2021-07-12, 2021-07-22, cancel](4)" classname="crudTests.NegativeTests" time="0.663"/>
  <testcase name="webFilterName[TD1](1)" classname="edgeTests.FilterComputer" time="0.546"/>
  <testcase name="webFilterName[td1](2)" classname="edgeTests.FilterComputer" time="0.245"/>
  <testcase name="webFilterName[td](3)" classname="edgeTests.FilterComputer" time="0.208"/>
  <testcase name="webFilterName[HElloC@mp](4)" classname="edgeTests.FilterComputer" time="0.204"/>
  <testcase name="webFilterName[checkError](5)" classname="edgeTests.FilterComputer" time="0.039"/>
</testsuite>