<?xml version="1.0" encoding="UTF-8"?>
<!-- Generated by org.testng.reporters.JUnitReportReporter -->
<testsuite hostname="Trinitys-MacBook-Pro.local" failures="0" tests="1" name="Application.Delete" time="1.341" errors="0" timestamp="2021-07-12T17:37:40 BST" skipped="0">
  <testcase classname="Application.Delete" name="deleteComp" time="1.341"/>
  <system-out/>
</testsuite> <!-- Application.Delete -->
