<?xml version="1.0" encoding="UTF-8"?>
<!-- Generated by org.testng.reporters.JUnitReportReporter -->
<testsuite hostname="Trinitys-MacBook-Pro.local" failures="0" tests="5" name="edgeTests.FilterComputer" time="2.315" errors="0" timestamp="2021-07-16T09:09:10 BST" skipped="0">
  <testcase classname="edgeTests.FilterComputer" name="webFilterName" time="0.258"/>
  <system-out/>
  <testcase classname="edgeTests.FilterComputer" name="webFilterName" time="0.338"/>
  <system-out/>
  <testcase classname="edgeTests.FilterComputer" name="webFilterName" time="0.080"/>
  <system-out/>
  <testcase classname="edgeTests.FilterComputer" name="webFilterName" time="1.392"/>
  <system-out/>
  <testcase classname="edgeTests.FilterComputer" name="webFilterName" time="0.247"/>
  <system-out/>
</testsuite> <!-- edgeTests.FilterComputer -->
