<?xml version="1.0" encoding="UTF-8"?>
<!-- Generated by org.testng.reporters.JUnitReportReporter -->
<testsuite hostname="Trinitys-MacBook-Pro.local" failures="0" tests="2" name="Application.ListPage" time="2.166" errors="0" timestamp="2021-07-12T18:11:40 BST" skipped="0">
  <testcase classname="Application.ListPage" name="createNew" time="0.784"/>
  <system-out/>
  <testcase classname="Application.ListPage" name="createNew" time="1.382"/>
  <system-out/>
</testsuite> <!-- Application.ListPage -->
