<?xml version="1.0" encoding="UTF-8"?>
<!-- Generated by org.testng.reporters.JUnitReportReporter -->
<testsuite hostname="Trinitys-MacBook-Pro.local" failures="0" tests="3" name="crudTests.PositiveTests" time="8.968" errors="0" timestamp="2021-07-16T09:09:10 BST" skipped="0">
  <testcase classname="crudTests.PositiveTests" name="webUpdateComp_PT" time="1.442"/>
  <system-out/>
  <testcase classname="crudTests.PositiveTests" name="webDeleteComp_PT" time="1.057"/>
  <system-out/>
  <testcase classname="crudTests.PositiveTests" name="webCreateComp_PT" time="6.469"/>
  <system-out/>
</testsuite> <!-- crudTests.PositiveTests -->
