<?xml version="1.0" encoding="UTF-8"?>
<!-- Generated by org.testng.reporters.JUnitReportReporter -->
<testsuite hostname="Trinitys-MacBook-Pro.local" failures="0" tests="5" name="Application.validateMsg" time="1.274" errors="0" timestamp="2021-07-15T20:12:15 BST" skipped="0">
  <testcase classname="Application.validateMsg" name="webFilterName" time="0.242"/>
  <system-out/>
  <testcase classname="Application.validateMsg" name="webFilterName" time="0.404"/>
  <system-out/>
  <testcase classname="Application.validateMsg" name="webFilterName" time="0.252"/>
  <system-out/>
  <testcase classname="Application.validateMsg" name="webFilterName" time="0.317"/>
  <system-out/>
  <testcase classname="Application.validateMsg" name="webFilterName" time="0.059"/>
  <system-out/>
</testsuite> <!-- Application.validateMsg -->
