<?xml version="1.0" encoding="UTF-8"?>
<!-- Generated by org.testng.reporters.JUnitReportReporter -->
<testsuite hostname="Trinitys-MacBook-Pro.local" failures="0" tests="5" name="edgeTests.validateMsg" time="1.172" errors="0" timestamp="2021-07-15T22:17:57 BST" skipped="0">
  <testcase classname="edgeTests.validateMsg" name="webFilterName" time="0.245"/>
  <system-out/>
  <testcase classname="edgeTests.validateMsg" name="webFilterName" time="0.085"/>
  <system-out/>
  <testcase classname="edgeTests.validateMsg" name="webFilterName" time="0.259"/>
  <system-out/>
  <testcase classname="edgeTests.validateMsg" name="webFilterName" time="0.268"/>
  <system-out/>
  <testcase classname="edgeTests.validateMsg" name="webFilterName" time="0.315"/>
  <system-out/>
</testsuite> <!-- edgeTests.validateMsg -->
