<?xml version="1.0" encoding="UTF-8"?>
<!-- Generated by org.testng.reporters.JUnitReportReporter -->
<testsuite hostname="Trinitys-MacBook-Pro.local" failures="0" tests="9" name="crudTests.NegativeTests" time="30.980" errors="0" timestamp="2021-07-16T09:09:10 BST" skipped="0">
  <testcase classname="crudTests.NegativeTests" name="webCreateComp_NT" time="21.925"/>
  <system-out/>
  <testcase classname="crudTests.NegativeTests" name="webCreateComp_NT" time="2.969"/>
  <system-out/>
  <testcase classname="crudTests.NegativeTests" name="webCreateComp_NT" time="0.957"/>
  <system-out/>
  <testcase classname="crudTests.NegativeTests" name="webUpdateComp_NT" time="0.993"/>
  <system-out/>
  <testcase classname="crudTests.NegativeTests" name="webDeleteComp_NT" time="0.752"/>
  <system-out/>
  <testcase classname="crudTests.NegativeTests" name="webCreateComp_NT" time="0.672"/>
  <system-out/>
  <testcase classname="crudTests.NegativeTests" name="webUpdateComp_NT" time="0.938"/>
  <system-out/>
  <testcase classname="crudTests.NegativeTests" name="webUpdateComp_NT" time="0.688"/>
  <system-out/>
  <testcase classname="crudTests.NegativeTests" name="webUpdateComp_NT" time="1.086"/>
  <system-out/>
</testsuite> <!-- crudTests.NegativeTests -->
