<?xml version="1.0" encoding="UTF-8"?>
<!-- Generated by org.testng.reporters.JUnitReportReporter -->
<testsuite hostname="Trinitys-MacBook-Pro.local" failures="0" tests="1" name="PositiveTests.Read" time="4.058" errors="0" timestamp="2021-07-13T10:27:37 BST" skipped="0">
  <testcase classname="PositiveTests.Read" name="createNew" time="4.058"/>
  <system-out/>
</testsuite> <!-- PositiveTests.Read -->
