<?xml version="1.0" encoding="UTF-8"?>
<!-- Generated by org.testng.reporters.JUnitReportReporter -->
<testsuite hostname="Trinitys-MacBook-Pro.local" failures="0" tests="1" name="Application.Read" time="0.589" errors="0" timestamp="2021-07-12T17:04:44 BST" skipped="0">
  <testcase classname="Application.Read" name="createNew" time="0.589"/>
  <system-out/>
</testsuite> <!-- Application.Read -->
