<?xml version="1.0" encoding="UTF-8"?>
<!-- Generated by org.testng.reporters.JUnitReportReporter -->
<testsuite hostname="Trinitys-MacBook-Pro.local" failures="0" tests="1" name="PositiveTests.Update" time="3.786" errors="0" timestamp="2021-07-13T12:09:29 BST" skipped="0">
  <testcase classname="PositiveTests.Update" name="UpdateComp" time="3.786"/>
  <system-out/>
</testsuite> <!-- PositiveTests.Update -->
