<?xml version="1.0" encoding="UTF-8"?>
<!-- Generated by org.testng.reporters.JUnitReportReporter -->
<testsuite hostname="Trinitys-MacBook-Pro.local" failures="0" tests="1" name="Application.Update" time="1.921" errors="0" timestamp="2021-07-12T22:23:53 BST" skipped="0">
  <testcase classname="Application.Update" name="UpdateComp" time="1.921"/>
  <system-out/>
</testsuite> <!-- Application.Update -->
