<?xml version="1.0" encoding="UTF-8"?>
<!-- Generated by org.testng.reporters.JUnitReportReporter -->
<testsuite hostname="Trinitys-MacBook-Pro.local" failures="0" tests="5" name="edgeTests.validateMsg" time="1.079" errors="0" timestamp="2021-07-15T22:51:02 BST" skipped="0">
  <testcase classname="edgeTests.validateMsg" name="webFilterName" time="0.220"/>
  <system-out/>
  <testcase classname="edgeTests.validateMsg" name="webFilterName" time="0.226"/>
  <system-out/>
  <testcase classname="edgeTests.validateMsg" name="webFilterName" time="0.046"/>
  <system-out/>
  <testcase classname="edgeTests.validateMsg" name="webFilterName" time="0.199"/>
  <system-out/>
  <testcase classname="edgeTests.validateMsg" name="webFilterName" time="0.388"/>
  <system-out/>
</testsuite> <!-- edgeTests.validateMsg -->
