<?xml version="1.0" encoding="UTF-8"?>
<!-- Generated by org.testng.reporters.JUnitReportReporter -->
<testsuite hostname="Trinitys-MacBook-Pro.local" failures="0" tests="5" name="edgeTests.FilterComputer" time="1.245" errors="0" timestamp="2021-07-16T09:15:04 BST" skipped="0">
  <testcase classname="edgeTests.FilterComputer" name="webFilterName" time="0.548"/>
  <system-out/>
  <testcase classname="edgeTests.FilterComputer" name="webFilterName" time="0.246"/>
  <system-out/>
  <testcase classname="edgeTests.FilterComputer" name="webFilterName" time="0.039"/>
  <system-out/>
  <testcase classname="edgeTests.FilterComputer" name="webFilterName" time="0.203"/>
  <system-out/>
  <testcase classname="edgeTests.FilterComputer" name="webFilterName" time="0.209"/>
  <system-out/>
</testsuite> <!-- edgeTests.FilterComputer -->
