<?xml version="1.0" encoding="UTF-8"?>
<!-- Generated by org.testng.reporters.JUnitReportReporter -->
<testsuite hostname="Trinitys-MacBook-Pro.local" failures="0" tests="9" name="crudTests.NegativeTests" time="6.950" errors="0" timestamp="2021-07-16T09:15:04 BST" skipped="0">
  <testcase classname="crudTests.NegativeTests" name="webUpdateComp_NT" time="0.863"/>
  <system-out/>
  <testcase classname="crudTests.NegativeTests" name="webUpdateComp_NT" time="0.857"/>
  <system-out/>
  <testcase classname="crudTests.NegativeTests" name="webCreateComp_NT" time="0.633"/>
  <system-out/>
  <testcase classname="crudTests.NegativeTests" name="webCreateComp_NT" time="0.848"/>
  <system-out/>
  <testcase classname="crudTests.NegativeTests" name="webCreateComp_NT" time="0.854"/>
  <system-out/>
  <testcase classname="crudTests.NegativeTests" name="webCreateComp_NT" time="1.098"/>
  <system-out/>
  <testcase classname="crudTests.NegativeTests" name="webDeleteComp_NT" time="0.318"/>
  <system-out/>
  <testcase classname="crudTests.NegativeTests" name="webUpdateComp_NT" time="0.663"/>
  <system-out/>
  <testcase classname="crudTests.NegativeTests" name="webUpdateComp_NT" time="0.816"/>
  <system-out/>
</testsuite> <!-- crudTests.NegativeTests -->
