<?xml version="1.0" encoding="UTF-8"?>
<!-- Generated by org.testng.reporters.JUnitReportReporter -->
<testsuite hostname="Trinitys-MacBook-Pro.local" failures="0" tests="1" name="Application.AppTest" time="0.014" errors="0" timestamp="2021-07-12T16:08:46 BST" skipped="0">
  <testcase classname="Application.AppTest" name="shouldAnswerWithTrue" time="0.014"/>
  <system-out/>
</testsuite> <!-- Application.AppTest -->
